
> my-v0-project@0.1.0 build
> next build

   ▲ Next.js 15.2.4
   - Environments: .env

   Creating an optimized production build ...
 ✓ Compiled successfully
   Skipping validation of types
   Skipping linting
   Collecting page data ...
   Generating static pages (0/12) ...
   Generating static pages (3/12) 
   Generating static pages (6/12) 
   Generating static pages (9/12) 
 ✓ Generating static pages (12/12)
   Finalizing page optimization ...
   Collecting build traces ...

Route (app)                                           Size  First Load JS
┌ ○ /                                               372 kB         522 kB
├ ○ /_not-found                                      988 B         102 kB
├ ƒ /api/apps/[app]/users/[user]/sessions            157 B         101 kB
├ ƒ /api/browser-use/session/[sessionId]/close       157 B         101 kB
├ ƒ /api/browser-use/session/[sessionId]/navigate    157 B         101 kB
├ ƒ /api/browser-use/session/[sessionId]/task        157 B         101 kB
├ ƒ /api/browser-use/session/create                  157 B         101 kB
├ ƒ /api/browser-use/session/create-with-url         157 B         101 kB
├ ƒ /api/chat                                        157 B         101 kB
├ ƒ /api/run_sse                                     157 B         101 kB
├ ○ /browser                                        5.4 kB         155 kB
├ ○ /landing                                       5.17 kB         151 kB
└ ○ /test-computer-use                             2.24 kB         111 kB
+ First Load JS shared by all                       101 kB
  ├ chunks/4bd1b696-8bf6569df9cf4a61.js            53.3 kB
  ├ chunks/684-4dfbc8d61676bb7e.js                 45.8 kB
  └ other shared chunks (total)                    1.93 kB


○  (Static)   prerendered as static content
ƒ  (Dynamic)  server-rendered on demand

